New request
 -----------------------------------------------------------
 ::1 GET /documentation.html 304  - 24/Oct/2023:16:43:52 +0100 - 0.616 ms

New request
 -----------------------------------------------------------
 ::1 GET /index.html 304  - 24/Oct/2023:16:43:58 +0100 - 0.523 ms
New request
 -----------------------------------------------------------
 ::1 GET /documentation.html 200 11327 - 25/Oct/2023:17:44:10 +0100 - 10.801 ms

New request
 -----------------------------------------------------------
 ::1 GET /documentation.html 200 11327 - 25/Oct/2023:17:46:53 +0100 - 6.984 ms

New request
 -----------------------------------------------------------
 ::1 GET /documentation.html 200 11508 - 25/Oct/2023:17:48:28 +0100 - 8.079 ms

New request
 -----------------------------------------------------------
 ::1 GET /css/styles.css 404 160 - 25/Oct/2023:17:48:28 +0100 - 1.990 ms

New request
 -----------------------------------------------------------
 ::1 GET /css/styles.css 404 160 - 25/Oct/2023:17:48:33 +0100 - 0.502 ms

New request
 -----------------------------------------------------------
 ::1 GET /documentation.html 200 11505 - 25/Oct/2023:17:49:18 +0100 - 6.227 ms

New request
 -----------------------------------------------------------
 ::1 GET /css/styles.css 404 160 - 25/Oct/2023:17:49:18 +0100 - 0.696 ms

New request
 -----------------------------------------------------------
 ::1 GET /documentation.html 200 11508 - 25/Oct/2023:17:50:58 +0100 - 6.421 ms

New request
 -----------------------------------------------------------
 ::1 GET /css/styles.css 404 160 - 25/Oct/2023:17:50:58 +0100 - 0.499 ms

New request
 -----------------------------------------------------------
 ::1 GET /documentation.html 304  - 25/Oct/2023:17:51:09 +0100 - 3.129 ms

New request
 -----------------------------------------------------------
 ::1 GET /css/styles.css 404 160 - 25/Oct/2023:17:51:09 +0100 - 3.145 ms

New request
 -----------------------------------------------------------
 ::1 GET /documentation.html 304  - 25/Oct/2023:17:52:29 +0100 - 0.479 ms

New request
 -----------------------------------------------------------
 ::1 GET /css/styles.css 404 160 - 25/Oct/2023:17:52:29 +0100 - 1.009 ms

New request
 -----------------------------------------------------------
 ::1 GET /documentation.html 200 11501 - 25/Oct/2023:17:52:50 +0100 - 9.888 ms

New request
 -----------------------------------------------------------
 ::1 GET /styles.css 200 280 - 25/Oct/2023:17:52:50 +0100 - 0.736 ms

New request
 -----------------------------------------------------------
 ::1 GET /documentation.html 200 11505 - 25/Oct/2023:17:54:40 +0100 - 8.269 ms

New request
 -----------------------------------------------------------
 ::1 GET /css/styles.css 200 280 - 25/Oct/2023:17:54:40 +0100 - 0.576 ms

New request
 -----------------------------------------------------------
 ::1 GET /documentation.html 304  - 25/Oct/2023:17:55:36 +0100 - 0.393 ms

New request
 -----------------------------------------------------------
 ::1 GET /css/styles.css 200 240 - 25/Oct/2023:17:55:36 +0100 - 7.106 ms

New request
 -----------------------------------------------------------
 ::1 GET /documentation.html 304  - 25/Oct/2023:17:55:49 +0100 - 0.787 ms

New request
 -----------------------------------------------------------
 ::1 GET /css/styles.css 200 239 - 25/Oct/2023:17:55:49 +0100 - 9.237 ms

New request
 -----------------------------------------------------------
 ::1 GET /documentation.html 304  - 25/Oct/2023:17:56:08 +0100 - 0.302 ms

New request
 -----------------------------------------------------------
 ::1 GET /css/styles.css 200 240 - 25/Oct/2023:17:56:08 +0100 - 6.910 ms

New request
 -----------------------------------------------------------
 ::1 GET /documentation.html 304  - 25/Oct/2023:17:56:21 +0100 - 0.332 ms

New request
 -----------------------------------------------------------
 ::1 GET /css/styles.css 200 235 - 25/Oct/2023:17:56:21 +0100 - 6.144 ms

New request
 -----------------------------------------------------------
 ::1 GET /documentation.html 200 11482 - 25/Oct/2023:17:59:28 +0100 - 6.412 ms

New request
 -----------------------------------------------------------
 ::1 GET /css/styles.css 200 246 - 25/Oct/2023:17:59:28 +0100 - 6.481 ms

New request
 -----------------------------------------------------------
 ::1 GET /documentation.html 304  - 25/Oct/2023:18:00:31 +0100 - 0.291 ms

New request
 -----------------------------------------------------------
 ::1 GET /css/styles.css 200 252 - 25/Oct/2023:18:00:31 +0100 - 6.372 ms

New request
 -----------------------------------------------------------
 ::1 GET /documentation.html 304  - 25/Oct/2023:18:00:45 +0100 - 0.226 ms

New request
 -----------------------------------------------------------
 ::1 GET /css/styles.css 200 280 - 25/Oct/2023:18:00:45 +0100 - 7.395 ms

New request
 -----------------------------------------------------------
 ::1 GET /documentation.html 304  - 25/Oct/2023:18:00:49 +0100 - 0.302 ms

New request
 -----------------------------------------------------------
 ::1 GET /css/styles.css 200 280 - 25/Oct/2023:18:00:49 +0100 - 6.300 ms

New request
 -----------------------------------------------------------
 ::1 GET /documentation.html 304  - 25/Oct/2023:18:01:01 +0100 - 0.257 ms

New request
 -----------------------------------------------------------
 ::1 GET /css/styles.css 200 286 - 25/Oct/2023:18:01:01 +0100 - 8.041 ms

New request
 -----------------------------------------------------------
 ::1 GET /documentation.html 304  - 25/Oct/2023:18:01:33 +0100 - 0.220 ms

New request
 -----------------------------------------------------------
 ::1 GET /css/styles.css 200 313 - 25/Oct/2023:18:01:33 +0100 - 6.835 ms

New request
 -----------------------------------------------------------
 ::1 GET /documentation.html 304  - 25/Oct/2023:18:02:24 +0100 - 0.277 ms

New request
 -----------------------------------------------------------
 ::1 GET /css/styles.css 200 313 - 25/Oct/2023:18:02:24 +0100 - 6.816 ms

New request
 -----------------------------------------------------------
 ::1 GET /documentation.html 304  - 25/Oct/2023:18:03:24 +0100 - 0.258 ms

New request
 -----------------------------------------------------------
 ::1 GET /css/styles.css 200 343 - 25/Oct/2023:18:03:24 +0100 - 7.871 ms

New request
 -----------------------------------------------------------
 ::1 GET /documentation.html 304  - 25/Oct/2023:18:04:30 +0100 - 0.259 ms

New request
 -----------------------------------------------------------
 ::1 GET /css/styles.css 200 337 - 25/Oct/2023:18:04:30 +0100 - 7.174 ms

New request
 -----------------------------------------------------------
 ::1 GET /documentation.html 304  - 25/Oct/2023:18:05:42 +0100 - 0.757 ms

New request
 -----------------------------------------------------------
 ::1 GET /css/styles.css 200 331 - 25/Oct/2023:18:05:42 +0100 - 6.823 ms

New request
 -----------------------------------------------------------
 ::1 GET /documentation.html 200 11500 - 25/Oct/2023:18:07:20 +0100 - 7.610 ms

New request
 -----------------------------------------------------------
 ::1 GET /css/styles.css 304  - 25/Oct/2023:18:07:20 +0100 - 0.812 ms

New request
 -----------------------------------------------------------
 ::1 GET /documentation.html 200 11500 - 25/Oct/2023:18:07:27 +0100 - 5.649 ms

New request
 -----------------------------------------------------------
 ::1 GET /css/styles.css 304  - 25/Oct/2023:18:07:27 +0100 - 0.323 ms

New request
 -----------------------------------------------------------
 ::1 GET /css/styles.css 304  - 25/Oct/2023:18:07:39 +0100 - 0.310 ms

New request
 -----------------------------------------------------------
 ::1 GET /documentation.html 200 11482 - 25/Oct/2023:18:09:22 +0100 - 6.360 ms

New request
 -----------------------------------------------------------
 ::1 GET /css/styles.css 200 399 - 25/Oct/2023:18:09:22 +0100 - 6.102 ms

New request
 -----------------------------------------------------------
 ::1 GET /documentation.html 304  - 25/Oct/2023:18:11:39 +0100 - 0.293 ms

New request
 -----------------------------------------------------------
 ::1 GET /css/styles.css 200 401 - 25/Oct/2023:18:11:39 +0100 - 5.913 ms

New request
 -----------------------------------------------------------
 ::1 GET /documentation.html 304  - 25/Oct/2023:18:11:46 +0100 - 0.224 ms

New request
 -----------------------------------------------------------
 ::1 GET /css/styles.css 200 401 - 25/Oct/2023:18:11:47 +0100 - 7.352 ms

New request
 -----------------------------------------------------------
 ::1 GET /css/styles.css 304  - 25/Oct/2023:18:11:53 +0100 - 0.285 ms

New request
 -----------------------------------------------------------
 ::1 GET /documentation.html 304  - 25/Oct/2023:18:12:32 +0100 - 0.309 ms

New request
 -----------------------------------------------------------
 ::1 GET /css/styles.css 200 430 - 25/Oct/2023:18:12:32 +0100 - 7.279 ms

New request
 -----------------------------------------------------------
 ::1 GET /css/styles.css 304  - 25/Oct/2023:18:12:36 +0100 - 0.336 ms

New request
 -----------------------------------------------------------
 ::1 GET /documentation.html 200 11491 - 25/Oct/2023:18:13:09 +0100 - 7.389 ms

New request
 -----------------------------------------------------------
 ::1 GET /css/styles.css 304  - 25/Oct/2023:18:13:09 +0100 - 0.444 ms

New request
 -----------------------------------------------------------
 ::1 GET /documentation.html 200 11482 - 25/Oct/2023:18:13:42 +0100 - 8.186 ms

New request
 -----------------------------------------------------------
 ::1 GET /css/styles.css 200 433 - 25/Oct/2023:18:13:42 +0100 - 5.917 ms

New request
 -----------------------------------------------------------
 ::1 GET /documentation.html 304  - 25/Oct/2023:18:14:30 +0100 - 0.272 ms

New request
 -----------------------------------------------------------
 ::1 GET /css/styles.css 200 437 - 25/Oct/2023:18:14:30 +0100 - 6.785 ms

New request
 -----------------------------------------------------------
 ::1 GET /documentation.html 200 11341 - 25/Oct/2023:18:14:54 +0100 - 10.540 ms

New request
 -----------------------------------------------------------
 ::1 GET /css/styles.css 304  - 25/Oct/2023:18:14:54 +0100 - 0.459 ms

New request
 -----------------------------------------------------------
 ::1 GET /documentation.html 304  - 25/Oct/2023:18:15:18 +0100 - 0.224 ms

New request
 -----------------------------------------------------------
 ::1 GET /css/styles.css 304  - 25/Oct/2023:18:15:18 +0100 - 0.277 ms

New request
 -----------------------------------------------------------
 ::1 GET /documentation.html 304  - 25/Oct/2023:18:16:08 +0100 - 0.621 ms

New request
 -----------------------------------------------------------
 ::1 GET /css/styles.css 200 476 - 25/Oct/2023:18:16:08 +0100 - 7.050 ms

New request
 -----------------------------------------------------------
 ::1 GET /documentation.html 304  - 25/Oct/2023:18:16:18 +0100 - 0.235 ms

New request
 -----------------------------------------------------------
 ::1 GET /css/styles.css 200 475 - 25/Oct/2023:18:16:18 +0100 - 6.076 ms

New request
 -----------------------------------------------------------
 ::1 GET /documentation.html 304  - 25/Oct/2023:18:16:49 +0100 - 0.429 ms

New request
 -----------------------------------------------------------
 ::1 GET /css/styles.css 200 493 - 25/Oct/2023:18:16:49 +0100 - 7.858 ms

New request
 -----------------------------------------------------------
 ::1 GET /documentation.html 304  - 25/Oct/2023:18:17:30 +0100 - 0.410 ms

New request
 -----------------------------------------------------------
 ::1 GET /css/styles.css 200 494 - 25/Oct/2023:18:17:30 +0100 - 6.957 ms

New request
 -----------------------------------------------------------
 ::1 GET /documentation.html 304  - 25/Oct/2023:18:18:04 +0100 - 0.249 ms

New request
 -----------------------------------------------------------
 ::1 GET /css/styles.css 200 496 - 25/Oct/2023:18:18:04 +0100 - 6.987 ms

New request
 -----------------------------------------------------------
 ::1 GET /documentation.html 304  - 25/Oct/2023:18:18:48 +0100 - 0.234 ms

New request
 -----------------------------------------------------------
 ::1 GET /css/styles.css 304  - 25/Oct/2023:18:18:48 +0100 - 0.262 ms

New request
 -----------------------------------------------------------
 ::1 GET /documentation.html 304  - 25/Oct/2023:18:19:17 +0100 - 0.700 ms

New request
 -----------------------------------------------------------
 ::1 GET /css/styles.css 200 478 - 25/Oct/2023:18:19:17 +0100 - 6.234 ms

New request
 -----------------------------------------------------------
 ::1 GET /documentation.html 304  - 25/Oct/2023:18:19:37 +0100 - 0.211 ms

New request
 -----------------------------------------------------------
 ::1 GET /css/styles.css 200 476 - 25/Oct/2023:18:19:37 +0100 - 6.773 ms

New request
 -----------------------------------------------------------
 ::1 GET /documentation.html 304  - 25/Oct/2023:18:20:40 +0100 - 0.254 ms

New request
 -----------------------------------------------------------
 ::1 GET /css/styles.css 200 482 - 25/Oct/2023:18:20:41 +0100 - 5.959 ms

New request
 -----------------------------------------------------------
 ::1 GET /documentation.html 304  - 25/Oct/2023:18:20:45 +0100 - 0.231 ms

New request
 -----------------------------------------------------------
 ::1 GET /css/styles.css 304  - 25/Oct/2023:18:20:46 +0100 - 0.339 ms

New request
 -----------------------------------------------------------
 ::1 GET /documentation.html 304  - 25/Oct/2023:18:20:58 +0100 - 0.254 ms

New request
 -----------------------------------------------------------
 ::1 GET /css/styles.css 200 482 - 25/Oct/2023:18:20:58 +0100 - 5.969 ms

New request
 -----------------------------------------------------------
 ::1 GET /documentation.html 304  - 25/Oct/2023:18:21:06 +0100 - 0.214 ms

New request
 -----------------------------------------------------------
 ::1 GET /css/styles.css 200 482 - 25/Oct/2023:18:21:06 +0100 - 7.284 ms

New request
 -----------------------------------------------------------
 ::1 GET /documentation.html 304  - 25/Oct/2023:18:21:06 +0100 - 0.579 ms

New request
 -----------------------------------------------------------
 ::1 GET /css/styles.css 304  - 25/Oct/2023:18:21:06 +0100 - 0.317 ms

New request
 -----------------------------------------------------------
 ::1 GET /documentation.html 304  - 25/Oct/2023:18:21:23 +0100 - 0.352 ms

New request
 -----------------------------------------------------------
 ::1 GET /css/styles.css 200 488 - 25/Oct/2023:18:21:23 +0100 - 6.426 ms

New request
 -----------------------------------------------------------
 ::1 GET /documentation.html 304  - 25/Oct/2023:18:21:24 +0100 - 0.384 ms

New request
 -----------------------------------------------------------
 ::1 GET /css/styles.css 304  - 25/Oct/2023:18:21:24 +0100 - 0.466 ms

New request
 -----------------------------------------------------------
 ::1 GET /documentation.html 304  - 25/Oct/2023:18:21:30 +0100 - 0.264 ms

New request
 -----------------------------------------------------------
 ::1 GET /css/styles.css 200 494 - 25/Oct/2023:18:21:30 +0100 - 6.455 ms

New request
 -----------------------------------------------------------
 ::1 GET /documentation.html 304  - 25/Oct/2023:18:22:21 +0100 - 0.275 ms

New request
 -----------------------------------------------------------
 ::1 GET /css/styles.css 200 493 - 25/Oct/2023:18:22:21 +0100 - 5.531 ms

New request
 -----------------------------------------------------------
 ::1 GET /documentation.html 304  - 25/Oct/2023:18:23:26 +0100 - 0.353 ms

New request
 -----------------------------------------------------------
 ::1 GET /css/styles.css 200 500 - 25/Oct/2023:18:23:26 +0100 - 6.936 ms

New request
 -----------------------------------------------------------
 ::1 GET /documentation.html 304  - 25/Oct/2023:18:24:06 +0100 - 0.249 ms

New request
 -----------------------------------------------------------
 ::1 GET /css/styles.css 200 518 - 25/Oct/2023:18:24:06 +0100 - 7.527 ms

New request
 -----------------------------------------------------------
 ::1 GET /documentation.html 304  - 25/Oct/2023:18:25:50 +0100 - 0.217 ms

New request
 -----------------------------------------------------------
 ::1 GET /css/styles.css 200 701 - 25/Oct/2023:18:25:50 +0100 - 6.496 ms

New request
 -----------------------------------------------------------
 ::1 GET /documentation.html 304  - 25/Oct/2023:18:27:04 +0100 - 0.255 ms

New request
 -----------------------------------------------------------
 ::1 GET /css/styles.css 200 705 - 25/Oct/2023:18:27:04 +0100 - 8.485 ms

New request
 -----------------------------------------------------------
 ::1 GET /documentation.html 304  - 25/Oct/2023:18:27:11 +0100 - 0.230 ms

New request
 -----------------------------------------------------------
 ::1 GET /css/styles.css 200 724 - 25/Oct/2023:18:27:11 +0100 - 6.119 ms

New request
 -----------------------------------------------------------
 ::1 GET /documentation.html 304  - 25/Oct/2023:18:27:33 +0100 - 0.364 ms

New request
 -----------------------------------------------------------
 ::1 GET /css/styles.css 200 743 - 25/Oct/2023:18:27:33 +0100 - 5.534 ms

New request
 -----------------------------------------------------------
 ::1 GET /documentation.html 304  - 25/Oct/2023:18:27:41 +0100 - 0.850 ms

New request
 -----------------------------------------------------------
 ::1 GET /css/styles.css 200 749 - 25/Oct/2023:18:27:41 +0100 - 7.713 ms

New request
 -----------------------------------------------------------
 ::1 GET /documentation.html 304  - 25/Oct/2023:18:27:57 +0100 - 0.235 ms

New request
 -----------------------------------------------------------
 ::1 GET /css/styles.css 200 756 - 25/Oct/2023:18:27:57 +0100 - 6.541 ms

New request
 -----------------------------------------------------------
 ::1 GET /documentation.html 304  - 25/Oct/2023:18:28:04 +0100 - 0.239 ms

New request
 -----------------------------------------------------------
 ::1 GET /css/styles.css 200 748 - 25/Oct/2023:18:28:04 +0100 - 6.403 ms

New request
 -----------------------------------------------------------
 ::1 GET /documentation.html 304  - 25/Oct/2023:18:28:09 +0100 - 0.328 ms

New request
 -----------------------------------------------------------
 ::1 GET /css/styles.css 200 724 - 25/Oct/2023:18:28:09 +0100 - 1.313 ms

New request
 -----------------------------------------------------------
 ::1 GET /documentation.html 304  - 25/Oct/2023:18:28:26 +0100 - 0.221 ms

New request
 -----------------------------------------------------------
 ::1 GET /css/styles.css 200 747 - 25/Oct/2023:18:28:26 +0100 - 6.865 ms

New request
 -----------------------------------------------------------
 ::1 GET /documentation.html 200 10140 - 25/Oct/2023:18:30:47 +0100 - 17.040 ms

New request
 -----------------------------------------------------------
 ::1 GET /css/styles.css 304  - 25/Oct/2023:18:30:47 +0100 - 0.261 ms

New request
 -----------------------------------------------------------
 ::1 GET /documentation.html 200 10389 - 25/Oct/2023:18:34:43 +0100 - 7.030 ms

New request
 -----------------------------------------------------------
 ::1 GET /css/styles.css 200 785 - 25/Oct/2023:18:34:43 +0100 - 6.225 ms

New request
 -----------------------------------------------------------
 ::1 GET /documentation.html 304  - 25/Oct/2023:18:34:52 +0100 - 0.675 ms

New request
 -----------------------------------------------------------
 ::1 GET /css/styles.css 200 791 - 25/Oct/2023:18:34:52 +0100 - 6.282 ms

New request
 -----------------------------------------------------------
 ::1 GET /documentation.html 304  - 25/Oct/2023:18:35:22 +0100 - 0.287 ms

New request
 -----------------------------------------------------------
 ::1 GET /css/styles.css 200 626 - 25/Oct/2023:18:35:22 +0100 - 6.612 ms

New request
 -----------------------------------------------------------
 ::1 GET /documentation.html 304  - 25/Oct/2023:18:35:55 +0100 - 0.252 ms

New request
 -----------------------------------------------------------
 ::1 GET /css/styles.css 200 632 - 25/Oct/2023:18:35:55 +0100 - 5.726 ms

New request
 -----------------------------------------------------------
 ::1 GET /documentation.html 304  - 25/Oct/2023:18:36:08 +0100 - 0.249 ms

New request
 -----------------------------------------------------------
 ::1 GET /css/styles.css 200 610 - 25/Oct/2023:18:36:08 +0100 - 7.967 ms

New request
 -----------------------------------------------------------
 ::1 GET /documentation.html 304  - 25/Oct/2023:18:36:47 +0100 - 0.208 ms

New request
 -----------------------------------------------------------
 ::1 GET /css/styles.css 200 574 - 25/Oct/2023:18:36:47 +0100 - 1.261 ms

New request
 -----------------------------------------------------------
 ::1 GET /documentation.html 304  - 25/Oct/2023:18:37:21 +0100 - 0.284 ms

New request
 -----------------------------------------------------------
 ::1 GET /css/styles.css 200 598 - 25/Oct/2023:18:37:21 +0100 - 5.758 ms

New request
 -----------------------------------------------------------
 ::1 GET /documentation.html 304  - 25/Oct/2023:18:37:58 +0100 - 0.221 ms

New request
 -----------------------------------------------------------
 ::1 GET /css/styles.css 200 590 - 25/Oct/2023:18:37:58 +0100 - 6.040 ms

New request
 -----------------------------------------------------------
 ::1 GET /documentation.html 304  - 25/Oct/2023:18:38:39 +0100 - 0.254 ms

New request
 -----------------------------------------------------------
 ::1 GET /css/styles.css 200 631 - 25/Oct/2023:18:38:39 +0100 - 6.646 ms

New request
 -----------------------------------------------------------
 ::1 GET /documentation.html 304  - 25/Oct/2023:18:39:07 +0100 - 0.272 ms

New request
 -----------------------------------------------------------
 ::1 GET /css/styles.css 200 631 - 25/Oct/2023:18:39:07 +0100 - 6.002 ms

New request
 -----------------------------------------------------------
 ::1 GET /documentation.html 304  - 25/Oct/2023:18:39:35 +0100 - 0.251 ms

New request
 -----------------------------------------------------------
 ::1 GET /css/styles.css 200 632 - 25/Oct/2023:18:39:35 +0100 - 10.484 ms

New request
 -----------------------------------------------------------
 ::1 GET /documentation.html 304  - 25/Oct/2023:18:39:45 +0100 - 0.225 ms

New request
 -----------------------------------------------------------
 ::1 GET /css/styles.css 200 632 - 25/Oct/2023:18:39:45 +0100 - 6.020 ms

New request
 -----------------------------------------------------------
 ::1 GET /documentation.html 304  - 25/Oct/2023:18:39:51 +0100 - 0.259 ms

New request
 -----------------------------------------------------------
 ::1 GET /css/styles.css 200 632 - 25/Oct/2023:18:39:51 +0100 - 5.483 ms

New request
 -----------------------------------------------------------
 ::1 GET /documentation.html 304  - 25/Oct/2023:18:40:41 +0100 - 0.555 ms

New request
 -----------------------------------------------------------
 ::1 GET /css/styles.css 200 632 - 25/Oct/2023:18:40:42 +0100 - 6.258 ms

New request
 -----------------------------------------------------------
 ::1 GET /documentation.html 304  - 25/Oct/2023:18:41:06 +0100 - 0.262 ms

New request
 -----------------------------------------------------------
 ::1 GET /css/styles.css 200 638 - 25/Oct/2023:18:41:06 +0100 - 5.770 ms

New request
 -----------------------------------------------------------
 ::1 GET /documentation.html 304  - 25/Oct/2023:18:42:22 +0100 - 0.268 ms

New request
 -----------------------------------------------------------
 ::1 GET /css/styles.css 200 664 - 25/Oct/2023:18:42:22 +0100 - 5.871 ms

New request
 -----------------------------------------------------------
 ::1 GET /documentation.html 304  - 25/Oct/2023:18:43:07 +0100 - 0.266 ms

New request
 -----------------------------------------------------------
 ::1 GET /css/styles.css 200 641 - 25/Oct/2023:18:43:07 +0100 - 6.361 ms

New request
 -----------------------------------------------------------
 ::1 GET /documentation.html 304  - 25/Oct/2023:18:43:18 +0100 - 0.236 ms

New request
 -----------------------------------------------------------
 ::1 GET /css/styles.css 200 641 - 25/Oct/2023:18:43:18 +0100 - 5.986 ms

New request
 -----------------------------------------------------------
 ::1 GET /documentation.html 200 10297 - 25/Oct/2023:18:44:55 +0100 - 7.942 ms

New request
 -----------------------------------------------------------
 ::1 GET /css/styles.css 200 681 - 25/Oct/2023:18:44:55 +0100 - 6.058 ms

New request
 -----------------------------------------------------------
 ::1 GET /documentation.html 304  - 25/Oct/2023:18:45:01 +0100 - 0.221 ms

New request
 -----------------------------------------------------------
 ::1 GET /css/styles.css 200 682 - 25/Oct/2023:18:45:01 +0100 - 5.819 ms

New request
 -----------------------------------------------------------
 ::1 GET /documentation.html 304  - 25/Oct/2023:18:45:12 +0100 - 0.261 ms

New request
 -----------------------------------------------------------
 ::1 GET /css/styles.css 200 682 - 25/Oct/2023:18:45:12 +0100 - 6.477 ms

New request
 -----------------------------------------------------------
 ::1 GET /documentation.html 200 9322 - 25/Oct/2023:18:51:13 +0100 - 6.934 ms

New request
 -----------------------------------------------------------
 ::1 GET /css/styles.css 200 682 - 25/Oct/2023:18:51:13 +0100 - 6.909 ms

New request
 -----------------------------------------------------------
 ::1 GET /documentation.html 200 9332 - 25/Oct/2023:18:53:36 +0100 - 8.310 ms

New request
 -----------------------------------------------------------
 ::1 GET /css/styles.css 304  - 25/Oct/2023:18:53:36 +0100 - 0.283 ms

New request
 -----------------------------------------------------------
 ::1 GET /documentation.html 304  - 25/Oct/2023:18:54:01 +0100 - 0.235 ms

New request
 -----------------------------------------------------------
 ::1 GET /css/styles.css 200 677 - 25/Oct/2023:18:54:01 +0100 - 5.566 ms

New request
 -----------------------------------------------------------
 ::1 GET /documentation.html 304  - 25/Oct/2023:18:55:16 +0100 - 0.224 ms

New request
 -----------------------------------------------------------
 ::1 GET /css/styles.css 200 682 - 25/Oct/2023:18:55:16 +0100 - 6.843 ms

New request
 -----------------------------------------------------------
 ::1 GET /documentation.html 200 9348 - 25/Oct/2023:18:56:56 +0100 - 6.250 ms

New request
 -----------------------------------------------------------
 ::1 GET /css/styles.css 304  - 25/Oct/2023:18:56:56 +0100 - 0.273 ms

New request
 -----------------------------------------------------------
 ::1 GET /documentation.html 304  - 25/Oct/2023:18:57:44 +0100 - 0.300 ms

New request
 -----------------------------------------------------------
 ::1 GET /css/styles.css 200 745 - 25/Oct/2023:18:57:44 +0100 - 5.588 ms

New request
 -----------------------------------------------------------
 ::1 GET /documentation.html 304  - 25/Oct/2023:18:57:50 +0100 - 0.282 ms

New request
 -----------------------------------------------------------
 ::1 GET /css/styles.css 200 745 - 25/Oct/2023:18:57:50 +0100 - 5.840 ms

New request
 -----------------------------------------------------------
 ::1 GET /documentation.html 304  - 25/Oct/2023:18:58:06 +0100 - 0.265 ms

New request
 -----------------------------------------------------------
 ::1 GET /css/styles.css 200 746 - 25/Oct/2023:18:58:06 +0100 - 7.572 ms

New request
 -----------------------------------------------------------
 ::1 GET /documentation.html 200 9354 - 25/Oct/2023:18:58:18 +0100 - 6.366 ms

New request
 -----------------------------------------------------------
 ::1 GET /css/styles.css 304  - 25/Oct/2023:18:58:18 +0100 - 0.494 ms

New request
 -----------------------------------------------------------
 ::1 GET /documentation.html 304  - 25/Oct/2023:18:58:21 +0100 - 0.221 ms

New request
 -----------------------------------------------------------
 ::1 GET /css/styles.css 304  - 25/Oct/2023:18:58:21 +0100 - 2.506 ms

New request
 -----------------------------------------------------------
 ::1 GET /documentation.html 200 9384 - 25/Oct/2023:18:58:49 +0100 - 5.466 ms

New request
 -----------------------------------------------------------
 ::1 GET /css/styles.css 304  - 25/Oct/2023:18:58:49 +0100 - 0.331 ms

New request
 -----------------------------------------------------------
 ::1 GET /documentation.html 304  - 25/Oct/2023:18:59:46 +0100 - 0.241 ms

New request
 -----------------------------------------------------------
 ::1 GET /css/styles.css 200 746 - 25/Oct/2023:18:59:46 +0100 - 6.675 ms

New request
 -----------------------------------------------------------
 ::1 GET /documentation.html 304  - 25/Oct/2023:19:00:14 +0100 - 0.269 ms

New request
 -----------------------------------------------------------
 ::1 GET /css/styles.css 200 787 - 25/Oct/2023:19:00:14 +0100 - 6.220 ms

New request
 -----------------------------------------------------------
 ::1 GET /documentation.html 304  - 25/Oct/2023:19:00:21 +0100 - 0.244 ms

New request
 -----------------------------------------------------------
 ::1 GET /css/styles.css 200 787 - 25/Oct/2023:19:00:21 +0100 - 7.226 ms

New request
 -----------------------------------------------------------
 ::1 GET /documentation.html 304  - 25/Oct/2023:19:00:50 +0100 - 0.290 ms

New request
 -----------------------------------------------------------
 ::1 GET /css/styles.css 200 786 - 25/Oct/2023:19:00:50 +0100 - 5.513 ms

New request
 -----------------------------------------------------------
 ::1 GET /documentation.html 200 5082 - 25/Oct/2023:19:16:40 +0100 - 6.218 ms

New request
 -----------------------------------------------------------
 ::1 GET /css/styles.css 200 768 - 25/Oct/2023:19:16:40 +0100 - 6.092 ms

New request
 -----------------------------------------------------------
 ::1 GET /documentation.html 304  - 25/Oct/2023:19:17:10 +0100 - 0.332 ms

New request
 -----------------------------------------------------------
 ::1 GET /css/styles.css 200 768 - 25/Oct/2023:19:17:11 +0100 - 6.378 ms

New request
 -----------------------------------------------------------
 ::1 GET /documentation.html 304  - 25/Oct/2023:19:17:54 +0100 - 0.414 ms

New request
 -----------------------------------------------------------
 ::1 GET /css/styles.css 200 804 - 25/Oct/2023:19:17:54 +0100 - 6.144 ms

New request
 -----------------------------------------------------------
 ::1 GET /documentation.html 304  - 25/Oct/2023:19:20:02 +0100 - 0.337 ms

New request
 -----------------------------------------------------------
 ::1 GET /css/styles.css 200 873 - 25/Oct/2023:19:20:02 +0100 - 6.438 ms

New request
 -----------------------------------------------------------
 ::1 GET /documentation.html 304  - 25/Oct/2023:19:20:47 +0100 - 0.223 ms

New request
 -----------------------------------------------------------
 ::1 GET /css/styles.css 200 918 - 25/Oct/2023:19:20:47 +0100 - 7.177 ms

New request
 -----------------------------------------------------------
 ::1 GET /css/styles.css 304  - 25/Oct/2023:19:21:35 +0100 - 0.278 ms

New request
 -----------------------------------------------------------
 ::1 GET /documentation.html 304  - 25/Oct/2023:19:21:51 +0100 - 0.246 ms

New request
 -----------------------------------------------------------
 ::1 GET /css/styles.css 200 918 - 25/Oct/2023:19:21:51 +0100 - 6.649 ms

New request
 -----------------------------------------------------------
 ::1 GET /documentation.html 304  - 25/Oct/2023:19:22:02 +0100 - 0.212 ms

New request
 -----------------------------------------------------------
 ::1 GET /css/styles.css 200 919 - 25/Oct/2023:19:22:02 +0100 - 6.202 ms

New request
 -----------------------------------------------------------
 ::1 GET /documentation.html 304  - 25/Oct/2023:19:22:10 +0100 - 0.258 ms

New request
 -----------------------------------------------------------
 ::1 GET /css/styles.css 200 919 - 25/Oct/2023:19:22:10 +0100 - 5.669 ms

New request
 -----------------------------------------------------------
 ::1 GET /documentation.html 200 5252 - 25/Oct/2023:19:33:27 +0100 - 7.259 ms

New request
 -----------------------------------------------------------
 ::1 GET /css/styles.css 304  - 25/Oct/2023:19:33:27 +0100 - 0.408 ms

New request
 -----------------------------------------------------------
 ::1 GET /documentation.html 200 5304 - 25/Oct/2023:19:33:43 +0100 - 6.873 ms

New request
 -----------------------------------------------------------
 ::1 GET /css/styles.css 304  - 25/Oct/2023:19:33:43 +0100 - 0.372 ms

New request
 -----------------------------------------------------------
 ::1 GET /documentation.html 304  - 25/Oct/2023:19:39:33 +0100 - 2.780 ms

New request
 -----------------------------------------------------------
 ::1 GET /css/styles.css 304  - 25/Oct/2023:19:39:33 +0100 - 0.856 ms

New request
 -----------------------------------------------------------
 ::1 GET /documentation.html 200 5304 - 25/Oct/2023:19:39:42 +0100 - 7.544 ms

New request
 -----------------------------------------------------------
 ::1 GET /css/styles.css 304  - 25/Oct/2023:19:39:42 +0100 - 0.411 ms

New request
 -----------------------------------------------------------
 ::1 GET /movies 200 9921 - 25/Oct/2023:19:43:01 +0100 - 20.226 ms

New request
 -----------------------------------------------------------
 ::1 GET /movies/test-title 200 98 - 25/Oct/2023:19:44:18 +0100 - 2.128 ms

New request
 -----------------------------------------------------------
 ::1 GET /genres/test-genre 200 72 - 25/Oct/2023:19:44:35 +0100 - 1.185 ms

New request
 -----------------------------------------------------------
 ::1 GET /movies/test-title 200 98 - 25/Oct/2023:19:49:02 +0100 - 0.483 ms

New request
 -----------------------------------------------------------
 ::1 GET /genres/test-genre 200 72 - 25/Oct/2023:19:49:12 +0100 - 0.459 ms

New request
 -----------------------------------------------------------
 ::1 GET /directors/test-name 200 83 - 25/Oct/2023:19:49:18 +0100 - 0.674 ms

New request
 -----------------------------------------------------------
 ::1 POST /users 200 90 - 25/Oct/2023:19:49:23 +0100 - 0.575 ms

New request
 -----------------------------------------------------------
 ::1 GET /documentation.html 304  - 25/Oct/2023:19:56:10 +0100 - 2.646 ms

New request
 -----------------------------------------------------------
 ::1 GET /css/styles.css 304  - 25/Oct/2023:19:56:10 +0100 - 0.522 ms

New request
 -----------------------------------------------------------
 ::1 GET /documentation.html 304  - 25/Oct/2023:19:56:11 +0100 - 0.393 ms

New request
 -----------------------------------------------------------
 ::1 GET /css/styles.css 304  - 25/Oct/2023:19:56:11 +0100 - 0.299 ms

New request
 -----------------------------------------------------------
 ::1 POST /users 400 34 - 25/Oct/2023:19:56:40 +0100 - 1.646 ms

New request
 -----------------------------------------------------------
 ::1 POST /users 400 34 - 25/Oct/2023:19:57:17 +0100 - 105.594 ms

New request
 -----------------------------------------------------------
 ::1 POST /users 500 16 - 25/Oct/2023:19:57:22 +0100 - 3.771 ms

New request
 -----------------------------------------------------------
 ::1 POST /users 201 50 - 25/Oct/2023:19:58:54 +0100 - 11.669 ms

New request
 -----------------------------------------------------------
 ::1 POST /users 201 50 - 25/Oct/2023:19:59:07 +0100 - 11.045 ms

New request
 -----------------------------------------------------------
 ::1 POST /users 201 50 - 25/Oct/2023:19:59:14 +0100 - 12.359 ms

New request
 -----------------------------------------------------------
 ::1 POST /users 201 154 - 25/Oct/2023:19:59:29 +0100 - 13.113 ms

New request
 -----------------------------------------------------------
 ::1 POST /users 500 32 - 25/Oct/2023:20:00:22 +0100 - 11.709 ms

New request
 -----------------------------------------------------------
 ::1 POST /users 201 179 - 25/Oct/2023:20:02:49 +0100 - 11.297 ms

New request
 -----------------------------------------------------------
 ::1 GET /documentation.html 200 5402 - 25/Oct/2023:20:04:20 +0100 - 8.451 ms

New request
 -----------------------------------------------------------
 ::1 GET /css/styles.css 304  - 25/Oct/2023:20:04:20 +0100 - 1.521 ms

New request
 -----------------------------------------------------------
 ::1 PUT /users/test-user 201 62 - 25/Oct/2023:20:06:47 +0100 - 12.782 ms

New request
 -----------------------------------------------------------
 ::1 POST /users/test-user/movies/test-movie-id 200 87 - 25/Oct/2023:20:07:16 +0100 - 0.469 ms

New request
 -----------------------------------------------------------
 ::1 DELETE /users/test-user/movies/test-movie-id 200 91 - 25/Oct/2023:20:07:27 +0100 - 0.299 ms

New request
 -----------------------------------------------------------
 ::1 DELETE /users/test-user 200 83 - 25/Oct/2023:20:07:33 +0100 - 0.197 ms

New request
 -----------------------------------------------------------
 ::1 POST /users 201 153 - 25/Oct/2023:20:08:32 +0100 - 1.639 ms

New request
 -----------------------------------------------------------
 ::1 POST /users 201 154 - 25/Oct/2023:20:08:40 +0100 - 0.319 ms

New request
 -----------------------------------------------------------
 ::1 POST /users 400 43 - 25/Oct/2023:20:09:26 +0100 - 9.944 ms

New request
 -----------------------------------------------------------
 ::1 POST /users 400 43 - 25/Oct/2023:20:09:36 +0100 - 0.890 ms

New request
 -----------------------------------------------------------
 ::1 POST /users 201 182 - 25/Oct/2023:20:09:39 +0100 - 0.947 ms

New request
 -----------------------------------------------------------
 ::1 POST /users 400 43 - 25/Oct/2023:20:09:49 +0100 - 0.336 ms

New request
 -----------------------------------------------------------
 ::1 GET /movies 200 9921 - 25/Oct/2023:20:15:01 +0100 - 4.146 ms

New request
 -----------------------------------------------------------
 ::ffff:141.98.11.52 GET / 200 380 - 25/Oct/2023:20:33:24 +0100 - 0.976 ms

New request
 -----------------------------------------------------------
 ::ffff:46.174.191.32 GET / 200 380 - 25/Oct/2023:20:46:21 +0100 - 0.792 ms

New request
 -----------------------------------------------------------
 ::ffff:103.1.157.126 GET / 200 380 - 25/Oct/2023:20:53:58 +0100 - 0.476 ms

New request
 -----------------------------------------------------------
 ::ffff:172.105.128.11 GET / 200 380 - 25/Oct/2023:21:40:36 +0100 - 1.249 ms

New request
 -----------------------------------------------------------
 ::ffff:41.237.221.123 POST /goform/set_LimitClient_cfg 404 160 - 26/Oct/2023:17:24:48 +0100 - 11.690 ms

New request
 -----------------------------------------------------------
 ::1 POST /users 500 136 - 07/Nov/2023:20:45:12 +0000 - 112.936 ms

New request
 -----------------------------------------------------------
 ::1 POST /users 500 136 - 07/Nov/2023:20:45:30 +0000 - 5.779 ms

New request
 -----------------------------------------------------------
 ::1 POST /users 201 135 - 07/Nov/2023:20:45:37 +0000 - 9.379 ms

New request
 -----------------------------------------------------------
 ::1 POST /users 400 19 - 07/Nov/2023:20:48:57 +0000 - 2.513 ms

New request
 -----------------------------------------------------------
 ::1 POST /users 400 28 - 07/Nov/2023:20:49:40 +0000 - 19.768 ms

New request
 -----------------------------------------------------------
 ::1 POST /users 400 27 - 07/Nov/2023:20:49:51 +0000 - 14.725 ms

New request
 -----------------------------------------------------------
 ::1 PUT /users/testu 201 138 - 07/Nov/2023:21:25:53 +0000 - 25.880 ms

New request
 -----------------------------------------------------------
 ::1 POST /users/testuser/movies/65453a0f04a1f38cdd42c57d 200 164 - 07/Nov/2023:21:42:49 +0000 - 12.070 ms

New request
 -----------------------------------------------------------
 ::1 GET /movies/%22The%20Lion%20King%22 200 4 - 07/Nov/2023:21:45:35 +0000 - 7.223 ms

New request
 -----------------------------------------------------------
 ::1 GET /movies/%22The%20Lion%20King%22 200 20 - 07/Nov/2023:21:46:22 +0000 - 6.834 ms

New request
 -----------------------------------------------------------
 ::1 GET /movies/The%20Lion%20King 200 20 - 07/Nov/2023:21:47:12 +0000 - 2.961 ms

New request
 -----------------------------------------------------------
 ::1 GET /movies/The%20Lion%20King 500 517 - 07/Nov/2023:21:47:40 +0000 - 10.819 ms

New request
 -----------------------------------------------------------
 ::1 GET /movies/The%20Lion%20King 500 517 - 07/Nov/2023:21:48:20 +0000 - 11.477 ms

New request
 -----------------------------------------------------------
 ::1 GET /movies/The%20Lion%20King 200 517 - 07/Nov/2023:21:48:46 +0000 - 10.273 ms

New request
 -----------------------------------------------------------
 ::1 GET /movies/The%20Lion%20Kin 200 20 - 07/Nov/2023:21:48:51 +0000 - 2.143 ms

New request
 -----------------------------------------------------------
 ::1 GET /movies/The%20Lion%20Kin 200 35 - 07/Nov/2023:21:49:24 +0000 - 7.482 ms

New request
 -----------------------------------------------------------
 ::1 POST /users/testuser/movies/65453a0f04a1f38cdd42c57d 200 164 - 07/Nov/2023:21:55:28 +0000 - 11.877 ms

New request
 -----------------------------------------------------------
 ::1 POST /users/testuser/movies/65453a0f04a1f38cdd42c57d 200 164 - 07/Nov/2023:21:55:31 +0000 - 2.300 ms

New request
 -----------------------------------------------------------
 ::1 DELETE /users/testuser 200 21 - 07/Nov/2023:22:01:05 +0000 - 9.654 ms

New request
 -----------------------------------------------------------
 ::1 DELETE /users/testuser 400 22 - 07/Nov/2023:22:03:21 +0000 - 6.258 ms

New request
 -----------------------------------------------------------
 ::ffff:127.0.0.1 GET / 200 380 - 08/Nov/2023:21:32:43 +0000 - 15.220 ms

New request
 -----------------------------------------------------------
 ::ffff:127.0.0.1 GET /favicon.ico 404 133 - 08/Nov/2023:21:32:43 +0000 - 2.375 ms

New request
 -----------------------------------------------------------
 ::ffff:127.0.0.1 GET /documentation.html 200 5402 - 08/Nov/2023:21:32:46 +0000 - 7.117 ms

New request
 -----------------------------------------------------------
 ::ffff:127.0.0.1 GET /css/styles.css 200 919 - 08/Nov/2023:21:32:46 +0000 - 6.957 ms

New request
 -----------------------------------------------------------
 ::1 GET /movies 200 4918 - 08/Nov/2023:21:43:12 +0000 - 25.453 ms

New request
 -----------------------------------------------------------
 ::1 GET /genres/Action 200 500 - 08/Nov/2023:21:51:36 +0000 - 26.898 ms

New request
 -----------------------------------------------------------
 ::1 GET /genres/Action 200 141 - 08/Nov/2023:22:13:55 +0000 - 16.484 ms

New request
 -----------------------------------------------------------
 ::1 GET /genres/Action 200 108 - 08/Nov/2023:22:14:32 +0000 - 9.287 ms

New request
 -----------------------------------------------------------
 ::1 GET /genres/action 404 48 - 08/Nov/2023:22:15:11 +0000 - 2.580 ms

New request
 -----------------------------------------------------------
 ::1 GET /genres/action 404 45 - 08/Nov/2023:22:15:26 +0000 - 7.695 ms

New request
 -----------------------------------------------------------
 ::1 GET /genres/action 200 108 - 08/Nov/2023:22:16:34 +0000 - 10.579 ms

New request
 -----------------------------------------------------------
 ::1 GET /genres/fsdfsdf 404 46 - 08/Nov/2023:22:16:39 +0000 - 2.408 ms

New request
 -----------------------------------------------------------
 ::1 GET /genres/fsdfsdf 404 46 - 08/Nov/2023:22:16:49 +0000 - 9.429 ms

New request
 -----------------------------------------------------------
 ::1 GET /genres/drama 200 94 - 08/Nov/2023:22:16:52 +0000 - 4.991 ms

New request
 -----------------------------------------------------------
 ::ffff:3.90.68.139 GET / 200 380 - 08/Nov/2023:22:20:24 +0000 - 19.660 ms

New request
 -----------------------------------------------------------
 ::1 GET /genres/drama 404 44 - 08/Nov/2023:22:24:32 +0000 - 14.473 ms

New request
 -----------------------------------------------------------
 ::1 GET /genres/Drama 404 44 - 08/Nov/2023:22:25:14 +0000 - 2.975 ms

New request
 -----------------------------------------------------------
 ::1 GET /genres/Drama 404 44 - 08/Nov/2023:22:28:05 +0000 - 7.608 ms

New request
 -----------------------------------------------------------
 ::1 GET /genres/Drama 404 44 - 08/Nov/2023:22:28:38 +0000 - 7.549 ms

New request
 -----------------------------------------------------------
 ::1 GET /genres/Drama 404 44 - 08/Nov/2023:22:33:08 +0000 - 2.946 ms

New request
 -----------------------------------------------------------
 ::1 GET /genres/Drama   - 08/Nov/2023:22:33:28 +0000 -  ms

New request
 -----------------------------------------------------------
 ::1 GET /genres/Drama   - 08/Nov/2023:22:34:10 +0000 -  ms

New request
 -----------------------------------------------------------
 ::1 GET /genres/Drama   - 08/Nov/2023:22:36:06 +0000 -  ms

New request
 -----------------------------------------------------------
 ::1 GET /genres/Drama 404 44 - 08/Nov/2023:22:36:34 +0000 - 7.656 ms

New request
 -----------------------------------------------------------
 ::1 GET /genres/Drama 404 44 - 08/Nov/2023:22:37:14 +0000 - 8.208 ms

New request
 -----------------------------------------------------------
 ::1 GET /genres/Drama 404 44 - 08/Nov/2023:22:38:12 +0000 - 7.925 ms

New request
 -----------------------------------------------------------
 ::1 GET /genres/Drama 200 94 - 08/Nov/2023:22:39:05 +0000 - 9.650 ms

New request
 -----------------------------------------------------------
 ::1 GET /genres/drama 200 94 - 08/Nov/2023:22:39:09 +0000 - 2.827 ms

New request
 -----------------------------------------------------------
 ::1 GET /genres/draMA 200 94 - 08/Nov/2023:22:39:13 +0000 - 4.002 ms

New request
 -----------------------------------------------------------
 ::1 GET /genres/draMA 200 94 - 08/Nov/2023:22:40:09 +0000 - 9.096 ms

New request
 -----------------------------------------------------------
 ::1 GET /movies/the%20LION%20King 200 517 - 08/Nov/2023:22:42:47 +0000 - 12.096 ms

New request
 -----------------------------------------------------------
 ::1 GET /directors/Quentin%20Tarantino 200 149 - 08/Nov/2023:22:46:08 +0000 - 11.936 ms

New request
 -----------------------------------------------------------
 ::1 GET /directors/Quentin%20TarAnTiNo 200 149 - 08/Nov/2023:22:46:20 +0000 - 4.250 ms

New request
 -----------------------------------------------------------
 ::1 GET /directors/Quentin%20Tard 404 54 - 08/Nov/2023:22:46:26 +0000 - 2.234 ms

New request
 -----------------------------------------------------------
 ::1 POST /users 500 64 - 08/Nov/2023:22:52:41 +0000 - 129.506 ms

New request
 -----------------------------------------------------------
 ::1 POST /users 500 64 - 08/Nov/2023:22:52:54 +0000 - 5.320 ms

New request
 -----------------------------------------------------------
 ::1 POST /users 500 64 - 08/Nov/2023:22:52:59 +0000 - 4.518 ms

New request
 -----------------------------------------------------------
 ::1 POST /users 201 136 - 08/Nov/2023:22:53:03 +0000 - 16.899 ms

New request
 -----------------------------------------------------------
 ::1 POST /users 400 27 - 08/Nov/2023:22:53:33 +0000 - 2.487 ms

New request
 -----------------------------------------------------------
 ::1 POST /users 400 27 - 08/Nov/2023:22:53:39 +0000 - 1.648 ms

New request
 -----------------------------------------------------------
 ::1 POST /users 500 64 - 08/Nov/2023:22:53:45 +0000 - 4.046 ms

New request
 -----------------------------------------------------------
 ::1 POST /users 500 56 - 08/Nov/2023:22:53:53 +0000 - 4.941 ms

New request
 -----------------------------------------------------------
 ::1 POST /users 500 64 - 08/Nov/2023:22:53:57 +0000 - 5.473 ms

New request
 -----------------------------------------------------------
 ::1 POST /users 500 64 - 08/Nov/2023:22:56:37 +0000 - 23.408 ms

New request
 -----------------------------------------------------------
 ::1 POST /users 500 64 - 08/Nov/2023:22:57:06 +0000 - 22.083 ms

New request
 -----------------------------------------------------------
 ::1 POST /users 500 64 - 08/Nov/2023:22:59:19 +0000 - 22.313 ms

New request
 -----------------------------------------------------------
 ::1 GET /directors/Quentin%20TarAnTiNo 200 149 - 08/Nov/2023:23:07:31 +0000 - 5.285 ms

New request
 -----------------------------------------------------------
 ::1 POST /users 500 134 - 08/Nov/2023:23:08:02 +0000 - 9.487 ms

New request
 -----------------------------------------------------------
 ::1 POST /users 500 134 - 08/Nov/2023:23:08:35 +0000 - 25.572 ms

New request
 -----------------------------------------------------------
 ::1 POST /users 500 134 - 08/Nov/2023:23:10:13 +0000 - 24.227 ms

New request
 -----------------------------------------------------------
 ::1 POST /users 500 134 - 08/Nov/2023:23:17:39 +0000 - 25.857 ms

New request
 -----------------------------------------------------------
 ::1 POST /users 500 134 - 08/Nov/2023:23:17:52 +0000 - 25.869 ms

New request
 -----------------------------------------------------------
 ::1 POST /users 500 134 - 08/Nov/2023:23:18:09 +0000 - 26.414 ms

New request
 -----------------------------------------------------------
 ::1 POST /users 500 134 - 08/Nov/2023:23:18:46 +0000 - 23.970 ms

New request
 -----------------------------------------------------------
 ::1 POST /users 500 134 - 08/Nov/2023:23:19:59 +0000 - 25.632 ms

New request
 -----------------------------------------------------------
 ::1 POST /users 500 4 - 08/Nov/2023:23:24:03 +0000 - 21.619 ms

New request
 -----------------------------------------------------------
 ::1 POST /users 422 50 - 08/Nov/2023:23:24:51 +0000 - 21.816 ms

New request
 -----------------------------------------------------------
 ::1 POST /users 422 20 - 08/Nov/2023:23:25:44 +0000 - 21.988 ms

New request
 -----------------------------------------------------------
 ::1 POST /users 422 20 - 08/Nov/2023:23:26:25 +0000 - 33.991 ms

New request
 -----------------------------------------------------------
 ::1 POST /users 500 7 - 08/Nov/2023:23:26:56 +0000 - 26.387 ms

New request
 -----------------------------------------------------------
 ::1 POST /users 201 140 - 08/Nov/2023:23:27:11 +0000 - 6.563 ms

New request
 -----------------------------------------------------------
 ::1 POST /users 400 30 - 08/Nov/2023:23:27:12 +0000 - 5.499 ms

New request
 -----------------------------------------------------------
 ::1 POST /users 400 30 - 08/Nov/2023:23:28:17 +0000 - 16.169 ms

New request
 -----------------------------------------------------------
 ::1 POST /users 422 25 - 08/Nov/2023:23:28:20 +0000 - 10.474 ms

New request
 -----------------------------------------------------------
 ::1 POST /users 201 139 - 08/Nov/2023:23:29:51 +0000 - 4.601 ms

New request
 -----------------------------------------------------------
 ::1 POST /users/TestUser/movies/65453bca04a1f38cdd42c587 201 165 - 08/Nov/2023:23:34:38 +0000 - 9.092 ms

New request
 -----------------------------------------------------------
 ::1 POST /users/TestUser/movies/asdasd 500 122 - 08/Nov/2023:23:34:45 +0000 - 5.941 ms

New request
 -----------------------------------------------------------
 ::1 POST /users/PopcornPirate/movies/65453bca04a1f38cdd42c587 201 202 - 08/Nov/2023:23:43:21 +0000 - 2.285 ms

New request
 -----------------------------------------------------------
 ::1 POST /users/PopcornPirate/movies/ObjectId(%2265453bca04a1f38cdd42c588%22) 500 152 - 08/Nov/2023:23:43:44 +0000 - 2.890 ms

New request
 -----------------------------------------------------------
 ::ffff:162.243.143.42 GET / 200 380 - 09/Nov/2023:00:08:51 +0000 - 1.989 ms

New request
 -----------------------------------------------------------
 ::ffff:185.180.143.136 GET / 200 380 - 09/Nov/2023:00:09:43 +0000 - 0.776 ms

New request
 -----------------------------------------------------------
 ::1 POST /users/PopcornPirate/movies/%2265453bca04a1f38cdd42c588%22 500 142 - 09/Nov/2023:00:18:57 +0000 - 11.399 ms

New request
 -----------------------------------------------------------
 ::1 POST /users/PopcornPirate/movies/65453bca04a1f38cdd42c588 201 229 - 09/Nov/2023:00:19:11 +0000 - 8.817 ms

New request
 -----------------------------------------------------------
 ::1 GET /users/TestUser/ 200 165 - 09/Nov/2023:00:20:11 +0000 - 3.389 ms

New request
 -----------------------------------------------------------
 ::1 POST /users/PopcornPirate/movies/65453bca04a1f38cdd42c588 201 229 - 09/Nov/2023:00:21:15 +0000 - 2.734 ms

New request
 -----------------------------------------------------------
 ::1 POST /users/PopcornPirate/movies/65453bca04a1f38cdd42c588 201 229 - 09/Nov/2023:00:21:16 +0000 - 2.486 ms

New request
 -----------------------------------------------------------
 ::1 POST /users/PopcornPirate/movies/65453bca04a1f38cdd42c588 201 229 - 09/Nov/2023:00:21:17 +0000 - 2.280 ms

New request
 -----------------------------------------------------------
 ::1 POST /users/PopcornPirate/movies/65453bca04a1f38cdd42c583 201 256 - 09/Nov/2023:00:21:22 +0000 - 2.830 ms

New request
 -----------------------------------------------------------
 ::1 POST /users/PopcornPirate/movies/65453bca04a1f38cdd42c586 201 283 - 09/Nov/2023:00:21:41 +0000 - 2.729 ms

New request
 -----------------------------------------------------------
 ::1 POST /users/PopcornPirate/movies/65453bca04a1f38cdd42c586 201 283 - 09/Nov/2023:00:26:50 +0000 - 18.698 ms

New request
 -----------------------------------------------------------
 ::1 POST /users/PopcornPirate/movies/65453bca04a1f38cdd42c586 201 283 - 09/Nov/2023:00:27:24 +0000 - 22.173 ms

New request
 -----------------------------------------------------------
 ::1 POST /users/PopcornPirate/movies/65453bca04a1f38cdd42c586 201 283 - 09/Nov/2023:00:27:50 +0000 - 19.149 ms

New request
 -----------------------------------------------------------
 ::1 POST /users/PopcornPirate/movies/65453bca04a1f38cdd42c586 201 283 - 09/Nov/2023:00:28:04 +0000 - 19.259 ms

New request
 -----------------------------------------------------------
 ::1 POST /users/PopcornPirate/movies/65453bca04a1f38cdd42c586 201 283 - 09/Nov/2023:00:28:21 +0000 - 20.095 ms

New request
 -----------------------------------------------------------
 ::1 POST /users/PopcornPirate/movies/65453bca04a1f38cdd42c586 201 283 - 09/Nov/2023:00:28:33 +0000 - 21.526 ms

New request
 -----------------------------------------------------------
 ::1 POST /users/PopcornPirate/movies/65453bca04a1f38cdd42c586 201 283 - 09/Nov/2023:00:29:12 +0000 - 21.716 ms

New request
 -----------------------------------------------------------
 ::1 POST /users/PopcornPirate/movies/65453bca04a1f38cdd42c586 201 283 - 09/Nov/2023:00:29:41 +0000 - 22.931 ms

New request
 -----------------------------------------------------------
 ::1 POST /users/PopcornPirate/movies/65453a0f04a1f38cdd42c57e 201 310 - 09/Nov/2023:00:31:37 +0000 - 8.030 ms

New request
 -----------------------------------------------------------
 ::1 POST /users/PopcornPirate/movies/65453a0f04a1f38cdd42c57e 201 310 - 09/Nov/2023:00:31:47 +0000 - 7.427 ms

New request
 -----------------------------------------------------------
 ::1 POST /users/PopcornPirate/movies/65453a0f04a1f38cdd42c57e 500 66 - 09/Nov/2023:00:32:52 +0000 - 14.375 ms

New request
 -----------------------------------------------------------
 ::1 POST /users/PopcornPirate/movies/65453a0f04a1f38cdd42c57e 201 310 - 09/Nov/2023:00:33:46 +0000 - 14.259 ms

New request
 -----------------------------------------------------------
 ::1 POST /users/PopcornPirate/movies/65453a0f04a1f38cdd42c57e 500 66 - 09/Nov/2023:00:35:54 +0000 - 15.691 ms

New request
 -----------------------------------------------------------
 ::1 POST /users/PopcornPirate/movies/65453a0f04a1f38cdd42c57e 500 66 - 09/Nov/2023:00:36:17 +0000 - 14.030 ms

New request
 -----------------------------------------------------------
 ::1 POST /users/PopcornPirate/movies/65453a0f04a1f38cdd42c57e 201 713 - 09/Nov/2023:00:40:21 +0000 - 19.292 ms

New request
 -----------------------------------------------------------
 ::1 POST /users 201 141 - 09/Nov/2023:00:47:17 +0000 - 17.952 ms

New request
 -----------------------------------------------------------
 ::1 PUT /users/NewTestUser 201 143 - 09/Nov/2023:00:47:50 +0000 - 3.290 ms

New request
 -----------------------------------------------------------
 ::1 POST /users/PopcornPirate/movies/65453a0f04a1f38cdd42c57e 201 713 - 09/Nov/2023:00:48:03 +0000 - 7.069 ms

New request
 -----------------------------------------------------------
 ::1 DELETE /users/PopcornPirate/movies/65453a0f04a1f38cdd42c57e 200 176 - 09/Nov/2023:00:48:57 +0000 - 2.351 ms

New request
 -----------------------------------------------------------
 ::1 DELETE /users/NewerTestUser 200 33 - 09/Nov/2023:00:49:11 +0000 - 2.431 ms

New request
 -----------------------------------------------------------
 ::1 GET /movies 401  - 13/Nov/2023:16:32:13 +0000 - 1.391 ms

New request
 -----------------------------------------------------------
 ::1 POST /users 201 126 - 13/Nov/2023:16:33:49 +0000 - 109.391 ms

New request
 -----------------------------------------------------------
 ::1 POST /login?Username=admin&Password=admin 200 459 - 13/Nov/2023:16:37:27 +0000 - 8.216 ms

New request
 -----------------------------------------------------------
 ::1 GET /movies 200 4918 - 13/Nov/2023:16:39:34 +0000 - 8.968 ms

New request
 -----------------------------------------------------------
 ::1 PUT /users/admin 401  - 13/Nov/2023:16:45:10 +0000 - 8.372 ms

New request
 -----------------------------------------------------------
 ::1 PUT /users/admin 201 130 - 13/Nov/2023:16:45:25 +0000 - 16.287 ms

New request
 -----------------------------------------------------------
 ::1 PUT /users/PopcornPirate 400 17 - 13/Nov/2023:16:45:47 +0000 - 3.390 ms

New request
 -----------------------------------------------------------
 ::1 PUT /users/admin 400 17 - 13/Nov/2023:16:46:26 +0000 - 2.704 ms

New request
 -----------------------------------------------------------
 ::1 PUT /users/admintest 201 132 - 13/Nov/2023:16:46:40 +0000 - 4.045 ms

New request
 -----------------------------------------------------------
 ::1 PUT /users/PopcornPirate 400 17 - 13/Nov/2023:16:46:53 +0000 - 3.142 ms

New request
 -----------------------------------------------------------
 ::1 PUT /users/PopcornPirate 400 17 - 13/Nov/2023:16:47:23 +0000 - 17.729 ms

New request
 -----------------------------------------------------------
 ::1 PUT /users/popcornedit 201 126 - 13/Nov/2023:16:48:00 +0000 - 10.213 ms

New request
 -----------------------------------------------------------
 ::1 PUT /users/PopcornPirate 400 17 - 13/Nov/2023:16:49:18 +0000 - 3.073 ms

New request
 -----------------------------------------------------------
 ::1 PUT /users/PopcornPirate 400 17 - 13/Nov/2023:16:49:23 +0000 - 2.870 ms

New request
 -----------------------------------------------------------
 ::1 PUT /users/PopcornPirate 400 17 - 13/Nov/2023:16:50:10 +0000 - 18.271 ms

New request
 -----------------------------------------------------------
 ::1 GET /movies 401  - 13/Nov/2023:17:22:24 +0000 - 2.477 ms

New request
 -----------------------------------------------------------
 ::1 GET /movies 200 4918 - 13/Nov/2023:17:22:43 +0000 - 15.764 ms

New request
 -----------------------------------------------------------
 ::1 GET /movies/the%20LION%20King 401  - 13/Nov/2023:17:23:15 +0000 - 0.524 ms

New request
 -----------------------------------------------------------
 ::1 GET /movies/the%20LION%20King 200 517 - 13/Nov/2023:17:23:20 +0000 - 7.923 ms

New request
 -----------------------------------------------------------
 ::1 POST /users?Username=testuser2&Password=testpassword 400 27 - 13/Nov/2023:17:24:01 +0000 - 13.848 ms

New request
 -----------------------------------------------------------
 ::1 POST /users?Username=testuser2&Password=testpassword 400 27 - 13/Nov/2023:17:24:10 +0000 - 2.875 ms

New request
 -----------------------------------------------------------
 ::1 POST /users 201 135 - 13/Nov/2023:17:24:44 +0000 - 11.968 ms

New request
 -----------------------------------------------------------
 ::1 POST /login?Username=asdadsa&Password=asdasd 400 49 - 13/Nov/2023:17:25:19 +0000 - 2.745 ms

New request
 -----------------------------------------------------------
 ::1 POST /login?Username=testuser2&Password=testpassword 200 486 - 13/Nov/2023:17:25:36 +0000 - 5.521 ms

New request
 -----------------------------------------------------------
 ::1 GET /movies 401  - 13/Nov/2023:17:25:50 +0000 - 0.266 ms

New request
 -----------------------------------------------------------
 ::1 GET /movies 200 4918 - 13/Nov/2023:17:26:06 +0000 - 6.492 ms

